<?xml version="1.0" encoding="UTF-8"?>
<!-- Generated by org.testng.reporters.JUnitReportReporter -->
<testsuite hostname="DEMONKING" failures="0" tests="4" name="parallel_execution.Parallel_Execution_Demo2" time="0.034" errors="0" timestamp="2022-10-02T02:04:00 IST" skipped="0">
  <testcase classname="parallel_execution.Parallel_Execution_Demo2" name="dashBoard" time="0.011"/>
  <system-out/>
  <testcase classname="parallel_execution.Parallel_Execution_Demo2" name="BuyShare" time="0.017"/>
  <system-out/>
  <testcase classname="parallel_execution.Parallel_Execution_Demo2" name="login" time="0.003"/>
  <system-out/>
  <testcase classname="parallel_execution.Parallel_Execution_Demo2" name="sellShare" time="0.003"/>
  <system-out/>
</testsuite> <!-- parallel_execution.Parallel_Execution_Demo2 -->
