<?xml version="1.0" encoding="UTF-8"?>
<!-- Generated by org.testng.reporters.JUnitReportReporter -->
<testsuite hostname="DEMONKING" failures="0" tests="3" name="multiple_classes.Single_Class_1" time="0.033" errors="0" timestamp="2022-09-22T23:49:27 IST" skipped="0">
  <testcase classname="multiple_classes.Single_Class_1" name="logIn1" time="0.026"/>
  <system-out/>
  <testcase classname="multiple_classes.Single_Class_1" name="dashBoard1" time="0.003"/>
  <system-out/>
  <testcase classname="multiple_classes.Single_Class_1" name="logOut1" time="0.004"/>
  <system-out/>
</testsuite> <!-- multiple_classes.Single_Class_1 -->
