<?xml version="1.0" encoding="UTF-8"?>
<!-- Generated by org.testng.reporters.JUnitReportReporter -->
<testsuite hostname="DEMONKING" failures="0" tests="4" name="parallel_execution.Parallel_Execution_Demo" time="0.080" errors="0" timestamp="2022-10-02T01:03:31 IST" skipped="0">
  <testcase classname="parallel_execution.Parallel_Execution_Demo" name="BuyShare" time="0.021"/>
  <system-out/>
  <testcase classname="parallel_execution.Parallel_Execution_Demo" name="sellShare" time="0.019"/>
  <system-out/>
  <testcase classname="parallel_execution.Parallel_Execution_Demo" name="dashBoard" time="0.020"/>
  <system-out/>
  <testcase classname="parallel_execution.Parallel_Execution_Demo" name="login" time="0.020"/>
  <system-out/>
</testsuite> <!-- parallel_execution.Parallel_Execution_Demo -->
