<?xml version="1.0" encoding="UTF-8"?>
<!-- Generated by org.testng.reporters.JUnitReportReporter -->
<testsuite hostname="DEMONKING" failures="0" tests="3" name="multiple_classes_demo.Single_Class_1" time="0.021" errors="0" timestamp="2022-10-01T21:17:07 IST" skipped="0">
  <testcase classname="multiple_classes_demo.Single_Class_1" name="logOut1" time="0.016"/>
  <system-out/>
  <testcase classname="multiple_classes_demo.Single_Class_1" name="logIn1" time="0.003"/>
  <system-out/>
  <testcase classname="multiple_classes_demo.Single_Class_1" name="dashBoard1" time="0.002"/>
  <system-out/>
</testsuite> <!-- multiple_classes_demo.Single_Class_1 -->
