<?xml version="1.0" encoding="UTF-8"?>
<!-- Generated by org.testng.reporters.JUnitReportReporter -->
<testsuite hostname="DEMONKING" failures="0" tests="3" name="annotations.Method_Annotations" time="0.044" errors="0" timestamp="2022-09-27T11:11:23 IST" skipped="0">
  <testcase classname="annotations.Method_Annotations" name="logOut" time="0.014"/>
  <system-out/>
  <testcase classname="annotations.Method_Annotations" name="home" time="0.021"/>
  <system-out/>
  <testcase classname="annotations.Method_Annotations" name="logIn" time="0.009"/>
  <system-out/>
</testsuite> <!-- annotations.Method_Annotations -->
