<?xml version="1.0" encoding="UTF-8"?>
<!-- Generated by org.testng.reporters.JUnitReportReporter -->
<testsuite hostname="DEMONKING" failures="0" tests="4" name="test_ng_basics.Single_Class_Execution" time="0.048" errors="0" timestamp="2022-09-22T20:17:24 IST" skipped="0">
  <testcase classname="test_ng_basics.Single_Class_Execution" name="dashBoard" time="0.003"/>
  <system-out/>
  <testcase classname="test_ng_basics.Single_Class_Execution" name="sellShare" time="0.013"/>
  <system-out/>
  <testcase classname="test_ng_basics.Single_Class_Execution" name="login" time="0.006"/>
  <system-out/>
  <testcase classname="test_ng_basics.Single_Class_Execution" name="buyShare" time="0.026"/>
  <system-out/>
</testsuite> <!-- test_ng_basics.Single_Class_Execution -->
