<?xml version="1.0" encoding="UTF-8"?>
<!-- Generated by org.testng.reporters.JUnitReportReporter -->
<testsuite hostname="DEMONKING" failures="0" tests="9" name="test_ng_basics.Invocation_Count" time="0.085" errors="0" timestamp="2022-09-27T10:43:52 IST" skipped="0">
  <testcase classname="test_ng_basics.Invocation_Count" name="dashBoard" time="0.026"/>
  <system-out/>
  <testcase classname="test_ng_basics.Invocation_Count" name="logout" time="0.011"/>
  <system-out/>
  <testcase classname="test_ng_basics.Invocation_Count" name="logout" time="0.010"/>
  <system-out/>
  <testcase classname="test_ng_basics.Invocation_Count" name="logout" time="0.003"/>
  <system-out/>
  <testcase classname="test_ng_basics.Invocation_Count" name="home" time="0.005"/>
  <system-out/>
  <testcase classname="test_ng_basics.Invocation_Count" name="home" time="0.020"/>
  <system-out/>
  <testcase classname="test_ng_basics.Invocation_Count" name="home" time="0.002"/>
  <system-out/>
  <testcase classname="test_ng_basics.Invocation_Count" name="home" time="0.003"/>
  <system-out/>
  <testcase classname="test_ng_basics.Invocation_Count" name="home" time="0.005"/>
  <system-out/>
</testsuite> <!-- test_ng_basics.Invocation_Count -->
