<?xml version="1.0" encoding="UTF-8"?>
<!-- Generated by org.testng.reporters.JUnitReportReporter -->
<testsuite hostname="DEMONKING" failures="0" tests="4" name="parallel_execution.Parallel_Methods" time="0.101" errors="0" timestamp="2022-10-02T01:02:04 IST" skipped="0">
  <testcase classname="parallel_execution.Parallel_Methods" name="login" time="0.026"/>
  <system-out/>
  <testcase classname="parallel_execution.Parallel_Methods" name="BuyShare" time="0.024"/>
  <system-out/>
  <testcase classname="parallel_execution.Parallel_Methods" name="dashBoard" time="0.026"/>
  <system-out/>
  <testcase classname="parallel_execution.Parallel_Methods" name="sellShare" time="0.025"/>
  <system-out/>
</testsuite> <!-- parallel_execution.Parallel_Methods -->
