<?xml version="1.0" encoding="UTF-8"?>
<!-- Generated by org.testng.reporters.JUnitReportReporter -->
<testsuite hostname="DEMONKING" failures="0" tests="3" name="annotations.Class_Annotations" time="0.024" errors="0" timestamp="2022-09-27T11:09:53 IST" skipped="0">
  <testcase classname="annotations.Class_Annotations" name="dashBoard" time="0.010"/>
  <system-out/>
  <testcase classname="annotations.Class_Annotations" name="home" time="0.006"/>
  <system-out/>
  <testcase classname="annotations.Class_Annotations" name="logOut" time="0.008"/>
  <system-out/>
</testsuite> <!-- annotations.Class_Annotations -->
