<?xml version="1.0" encoding="UTF-8"?>
<!-- Generated by org.testng.reporters.JUnitReportReporter -->
<testsuite hostname="DEMONKING" failures="0" tests="20" name="data_provider.Demo" time="0.092" errors="0" timestamp="2022-10-02T02:28:02 IST" skipped="0">
  <testcase classname="data_provider.Demo" name="demo" time="0.003"/>
  <system-out/>
  <testcase classname="data_provider.Demo" name="demo" time="0.003"/>
  <system-out/>
  <testcase classname="data_provider.Demo" name="demo" time="0.001"/>
  <system-out/>
  <testcase classname="data_provider.Demo" name="demo" time="0.004"/>
  <system-out/>
  <testcase classname="data_provider.Demo" name="demo" time="0.002"/>
  <system-out/>
  <testcase classname="data_provider.Demo" name="demo" time="0.006"/>
  <system-out/>
  <testcase classname="data_provider.Demo" name="demo" time="0.004"/>
  <system-out/>
  <testcase classname="data_provider.Demo" name="demo" time="0.005"/>
  <system-out/>
  <testcase classname="data_provider.Demo" name="demo" time="0.014"/>
  <system-out/>
  <testcase classname="data_provider.Demo" name="demo" time="0.008"/>
  <system-out/>
  <testcase classname="data_provider.Demo" name="demo" time="0.005"/>
  <system-out/>
  <testcase classname="data_provider.Demo" name="demo" time="0.004"/>
  <system-out/>
  <testcase classname="data_provider.Demo" name="demo" time="0.003"/>
  <system-out/>
  <testcase classname="data_provider.Demo" name="demo" time="0.009"/>
  <system-out/>
  <testcase classname="data_provider.Demo" name="demo" time="0.004"/>
  <system-out/>
  <testcase classname="data_provider.Demo" name="demo" time="0.003"/>
  <system-out/>
  <testcase classname="data_provider.Demo" name="demo" time="0.002"/>
  <system-out/>
  <testcase classname="data_provider.Demo" name="demo" time="0.003"/>
  <system-out/>
  <testcase classname="data_provider.Demo" name="demo" time="0.005"/>
  <system-out/>
  <testcase classname="data_provider.Demo" name="demo" time="0.004"/>
  <system-out/>
</testsuite> <!-- data_provider.Demo -->
