<?xml version="1.0" encoding="UTF-8"?>
<!-- Generated by org.testng.reporters.JUnitReportReporter -->
<testsuite hostname="DEMONKING" failures="0" tests="4" name="test_ng_basics.Single_Class_Execution1" time="0.083" errors="0" timestamp="2022-09-27T10:42:59 IST" skipped="0">
  <testcase classname="test_ng_basics.Single_Class_Execution1" name="login" time="0.013"/>
  <system-out/>
  <testcase classname="test_ng_basics.Single_Class_Execution1" name="dashBoard" time="0.018"/>
  <system-out/>
  <testcase classname="test_ng_basics.Single_Class_Execution1" name="BuyShare" time="0.042"/>
  <system-out/>
  <testcase classname="test_ng_basics.Single_Class_Execution1" name="sellShare" time="0.010"/>
  <system-out/>
</testsuite> <!-- test_ng_basics.Single_Class_Execution1 -->
