<?xml version="1.0" encoding="UTF-8"?>
<!-- Generated by org.testng.reporters.JUnitReportReporter -->
<testsuite hostname="DEMONKING" failures="0" tests="3" name="test_ng_basics.Reporter_Class" time="0.036" errors="0" timestamp="2022-09-27T10:52:11 IST" skipped="0">
  <testcase classname="test_ng_basics.Reporter_Class" name="logIn" time="0.005"/>
  <system-out>
    <![CDATA[Login Test Case Passed!!!(No Boolean Condition)]]>
  </system-out>
  <testcase classname="test_ng_basics.Reporter_Class" name="home" time="0.006"/>
  <system-out>
    <![CDATA[Home Test Case Passed(True)!!!!!]]>
  </system-out>
  <testcase classname="test_ng_basics.Reporter_Class" name="dashBoard" time="0.025"/>
  <system-out>
    <![CDATA[DashBoard Test Case Passed(False)]]>
  </system-out>
</testsuite> <!-- test_ng_basics.Reporter_Class -->
