<?xml version="1.0" encoding="UTF-8"?>
<!-- Generated by org.testng.reporters.JUnitReportReporter -->
<testsuite hostname="DEMONKING" failures="0" tests="1" name="assertions.Soft_Assert_Demo" time="8.828" errors="0" timestamp="2022-10-02T00:04:11 IST" skipped="0">
  <testcase classname="assertions.Soft_Assert_Demo" name="validateUrl" time="8.828"/>
  <system-out/>
</testsuite> <!-- assertions.Soft_Assert_Demo -->
