<?xml version="1.0" encoding="UTF-8"?>
<!-- Generated by org.testng.reporters.JUnitReportReporter -->
<testsuite hostname="DEMONKING" failures="0" tests="3" name="multiple_classes.Single_Class_2" time="0.020" errors="0" timestamp="2022-09-22T23:49:27 IST" skipped="0">
  <testcase classname="multiple_classes.Single_Class_2" name="dashBoard2" time="0.005"/>
  <system-out/>
  <testcase classname="multiple_classes.Single_Class_2" name="logIn2" time="0.009"/>
  <system-out/>
  <testcase classname="multiple_classes.Single_Class_2" name="logOut2" time="0.006"/>
  <system-out/>
</testsuite> <!-- multiple_classes.Single_Class_2 -->
