<?xml version="1.0" encoding="UTF-8"?>
<!-- Generated by org.testng.reporters.JUnitReportReporter -->
<testsuite hostname="DEMONKING" failures="0" tests="1" name="assertions.Hard_Assert_Demo" time="14.034" errors="0" timestamp="2022-10-01T23:55:45 IST" skipped="0">
  <testcase classname="assertions.Hard_Assert_Demo" name="validateTitle" time="14.034"/>
  <system-out/>
</testsuite> <!-- assertions.Hard_Assert_Demo -->
