<?xml version="1.0" encoding="UTF-8"?>
<!-- Generated by org.testng.reporters.JUnitReportReporter -->
<testsuite hostname="DEMONKING" failures="0" tests="1" name="test_ng_basics.Parameterization_Demo" time="10.593" errors="0" timestamp="2022-10-02T00:51:38 IST" skipped="0">
  <testcase classname="test_ng_basics.Parameterization_Demo" name="sendData" time="10.593"/>
  <system-out/>
</testsuite> <!-- test_ng_basics.Parameterization_Demo -->
