<?xml version="1.0" encoding="UTF-8"?>
<!-- Generated by org.testng.reporters.JUnitReportReporter -->
<testsuite hostname="DEMONKING" failures="0" tests="3" name="test_ng_basics.Enabled_Keyword" time="0.020" errors="0" timestamp="2022-10-01T19:52:17 IST" skipped="1">
  <testcase classname="test_ng_basics.Enabled_Keyword" name="logout" time="0.003"/>
  <system-out/>
  <testcase classname="test_ng_basics.Enabled_Keyword" name="home" time="0.017"/>
  <system-out/>
  <testcase classname="test_ng_basics.Enabled_Keyword" name="DashBoard">
    <skipped/>
  </testcase> <!-- DashBoard -->
  <system-out/>
</testsuite> <!-- test_ng_basics.Enabled_Keyword -->
