<?xml version="1.0" encoding="UTF-8"?>
<!-- Generated by org.testng.reporters.JUnitReportReporter -->
<testsuite hostname="DEMONKING" failures="0" tests="5" name="test_ng_basics.Priority_Keyword" time="0.034" errors="0" timestamp="2022-09-22T20:31:32 IST" skipped="0">
  <testcase classname="test_ng_basics.Priority_Keyword" name="logout" time="0.019"/>
  <system-out/>
  <testcase classname="test_ng_basics.Priority_Keyword" name="buyShare" time="0.004"/>
  <system-out/>
  <testcase classname="test_ng_basics.Priority_Keyword" name="dashBoard" time="0.003"/>
  <system-out/>
  <testcase classname="test_ng_basics.Priority_Keyword" name="home" time="0.003"/>
  <system-out/>
  <testcase classname="test_ng_basics.Priority_Keyword" name="login" time="0.005"/>
  <system-out/>
</testsuite> <!-- test_ng_basics.Priority_Keyword -->
