<?xml version="1.0" encoding="UTF-8"?>
<!-- Generated by org.testng.reporters.JUnitReportReporter -->
<testsuite hostname="DEMONKING" failures="0" tests="3" name="test_ng_basics.Depends_On2" time="0.010" errors="0" timestamp="2022-09-29T21:56:20 IST" skipped="1">
  <testcase classname="test_ng_basics.Depends_On2" name="buyShare" time="0.005"/>
  <system-out/>
  <testcase classname="test_ng_basics.Depends_On2" name="dashBoard" time="0.000">
    <skipped/>
  </testcase> <!-- dashBoard -->
  <system-out/>
  <testcase classname="test_ng_basics.Depends_On2" name="sellShare" time="0.005"/>
  <system-out/>
</testsuite> <!-- test_ng_basics.Depends_On2 -->
